-- Found ament_cmake: 0.8.2 (/opt/ros/eloquent/share/ament_cmake/cmake)
-- Found PythonInterp: /usr/bin/python3 (found suitable version "3.6.9", minimum required is "3") 
-- Using PYTHON_EXECUTABLE: /usr/bin/python3
-- Found rosidl_default_generators: 0.8.0 (/opt/ros/eloquent/share/rosidl_default_generators/cmake)
-- Found rosidl_adapter: 0.8.2 (/opt/ros/eloquent/share/rosidl_adapter/cmake)
-- Found PythonInterp: /usr/bin/python3 (found version "3.6.9") 
-- Using single matching rosidl_typesupport_c: rosidl_typesupport_fastrtps_c
-- Using single matching rosidl_typesupport_cpp: rosidl_typesupport_fastrtps_cpp
-- Found rmw_implementation_cmake: 0.8.1 (/opt/ros/eloquent/share/rmw_implementation_cmake/cmake)
-- Found PythonInterp: /usr/bin/python3 (found suitable version "3.6.9", minimum required is "3.5") 
-- Found python_cmake_module: 0.8.0 (/opt/ros/eloquent/share/python_cmake_module/cmake)
-- Using PYTHON_EXECUTABLE: /usr/bin/python3
-- Using PYTHON_INCLUDE_DIRS: /usr/include/python3.6m
-- Using PYTHON_LIBRARIES: /usr/lib/x86_64-linux-gnu/libpython3.6m.so
-- Found ament_lint_auto: 0.8.1 (/opt/ros/eloquent/share/ament_lint_auto/cmake)
-- Added test 'lint_cmake' to check CMake code style
-- Added test 'xmllint' to check XML markup files
-- Configuring done
-- Generating done
-- Build files have been written to: /home/toro/tester_ws/build/action_tutorials
[  3%] [34m[1mGenerating C code for ROS interfaces[0m
[  6%] [34m[1mGenerating C++ code for ROS interfaces[0m
[  6%] Built target action_tutorials__cpp
[ 10%] [34m[1mGenerating C++ introspection for ROS interfaces[0m
[ 13%] [34m[1mGenerating C++ type support for eProsima Fast-RTPS[0m
[35m[1mScanning dependencies of target action_tutorials__rosidl_generator_c[0m
[ 17%] [32mBuilding C object CMakeFiles/action_tutorials__rosidl_generator_c.dir/rosidl_generator_c/action_tutorials/action/fibonacci__functions.c.o[0m
[ 20%] [32m[1mLinking C shared library libaction_tutorials__rosidl_generator_c.so[0m
[ 20%] Built target action_tutorials__rosidl_generator_c
[ 24%] [34m[1mGenerating C introspection for ROS interfaces[0m
[35m[1mScanning dependencies of target action_tutorials__rosidl_typesupport_introspection_cpp[0m
[ 27%] [32mBuilding CXX object CMakeFiles/action_tutorials__rosidl_typesupport_introspection_cpp.dir/rosidl_typesupport_introspection_cpp/action_tutorials/action/fibonacci__type_support.cpp.o[0m
[35m[1mScanning dependencies of target action_tutorials__rosidl_typesupport_fastrtps_cpp[0m
[ 31%] [32mBuilding CXX object CMakeFiles/action_tutorials__rosidl_typesupport_fastrtps_cpp.dir/rosidl_typesupport_fastrtps_cpp/action_tutorials/action/dds_fastrtps/fibonacci__type_support.cpp.o[0m
[35m[1mScanning dependencies of target action_tutorials__rosidl_typesupport_introspection_c[0m
[ 34%] [32mBuilding C object CMakeFiles/action_tutorials__rosidl_typesupport_introspection_c.dir/rosidl_typesupport_introspection_c/action_tutorials/action/fibonacci__type_support.c.o[0m
[ 37%] [32m[1mLinking C shared library libaction_tutorials__rosidl_typesupport_introspection_c.so[0m
[ 41%] [32m[1mLinking CXX shared library libaction_tutorials__rosidl_typesupport_introspection_cpp.so[0m
[ 41%] Built target action_tutorials__rosidl_typesupport_introspection_c
[ 41%] Built target action_tutorials__rosidl_typesupport_introspection_cpp
[ 44%] [32m[1mLinking CXX shared library libaction_tutorials__rosidl_typesupport_fastrtps_cpp.so[0m
[ 44%] Built target action_tutorials__rosidl_typesupport_fastrtps_cpp
[ 51%] [34m[1mGenerating C type support for eProsima Fast-RTPS[0m
[ 51%] [34m[1mGenerating C++ type support dispatch for ROS interfaces[0m
[35m[1mScanning dependencies of target action_tutorials__rosidl_typesupport_cpp[0m
[ 55%] [32mBuilding CXX object CMakeFiles/action_tutorials__rosidl_typesupport_cpp.dir/rosidl_typesupport_cpp/action_tutorials/action/fibonacci__type_support.cpp.o[0m
[35m[1mScanning dependencies of target action_tutorials__rosidl_typesupport_fastrtps_c[0m
[ 58%] [32mBuilding CXX object CMakeFiles/action_tutorials__rosidl_typesupport_fastrtps_c.dir/rosidl_typesupport_fastrtps_c/action_tutorials/action/fibonacci__type_support_c.cpp.o[0m
[ 62%] [32m[1mLinking CXX shared library libaction_tutorials__rosidl_typesupport_cpp.so[0m
[ 62%] Built target action_tutorials__rosidl_typesupport_cpp
[ 65%] [32m[1mLinking CXX shared library libaction_tutorials__rosidl_typesupport_fastrtps_c.so[0m
[ 65%] Built target action_tutorials__rosidl_typesupport_fastrtps_c
[ 68%] [34m[1mGenerating C type support dispatch for ROS interfaces[0m
[35m[1mScanning dependencies of target action_tutorials__rosidl_typesupport_c[0m
[ 72%] [32mBuilding CXX object CMakeFiles/action_tutorials__rosidl_typesupport_c.dir/rosidl_typesupport_c/action_tutorials/action/fibonacci__type_support.cpp.o[0m
[ 75%] [32m[1mLinking CXX shared library libaction_tutorials__rosidl_typesupport_c.so[0m
[ 75%] Built target action_tutorials__rosidl_typesupport_c
[ 75%] Built target action_tutorials
[ 79%] [34m[1mGenerating Python code for ROS interfaces[0m
[ 79%] Built target action_tutorials__py
[35m[1mScanning dependencies of target action_tutorials__python[0m
[ 82%] [32mBuilding C object CMakeFiles/action_tutorials__python.dir/rosidl_generator_py/action_tutorials/action/_fibonacci_s.c.o[0m
[ 86%] [32m[1mLinking CXX shared library rosidl_generator_py/action_tutorials/libaction_tutorials__python.so[0m
[ 86%] Built target action_tutorials__python
[35m[1mScanning dependencies of target action_tutorials__rosidl_typesupport_c__pyext[0m
[35m[1mScanning dependencies of target action_tutorials__rosidl_typesupport_fastrtps_c__pyext[0m
[ 89%] [32mBuilding C object CMakeFiles/action_tutorials__rosidl_typesupport_fastrtps_c__pyext.dir/rosidl_generator_py/action_tutorials/_action_tutorials_s.ep.rosidl_typesupport_fastrtps_c.c.o[0m
[ 93%] [32mBuilding C object CMakeFiles/action_tutorials__rosidl_typesupport_c__pyext.dir/rosidl_generator_py/action_tutorials/_action_tutorials_s.ep.rosidl_typesupport_c.c.o[0m
[ 96%] [32m[1mLinking CXX shared library rosidl_generator_py/action_tutorials/action_tutorials_s__rosidl_typesupport_fastrtps_c.cpython-36m-x86_64-linux-gnu.so[0m
[100%] [32m[1mLinking CXX shared library rosidl_generator_py/action_tutorials/action_tutorials_s__rosidl_typesupport_c.cpython-36m-x86_64-linux-gnu.so[0m
[100%] Built target action_tutorials__rosidl_typesupport_fastrtps_c__pyext
[100%] Built target action_tutorials__rosidl_typesupport_c__pyext
[  3%] Built target action_tutorials__cpp
[ 13%] Built target action_tutorials__rosidl_generator_c
[ 24%] Built target action_tutorials__rosidl_typesupport_introspection_c
[ 34%] Built target action_tutorials__rosidl_typesupport_introspection_cpp
[ 44%] Built target action_tutorials__rosidl_typesupport_fastrtps_cpp
[ 65%] Built target action_tutorials__rosidl_typesupport_fastrtps_c
[ 65%] Built target action_tutorials__rosidl_typesupport_cpp
[ 75%] Built target action_tutorials__rosidl_typesupport_c
[ 75%] Built target action_tutorials
[ 79%] Built target action_tutorials__py
[ 86%] Built target action_tutorials__python
[ 93%] Built target action_tutorials__rosidl_typesupport_fastrtps_c__pyext
[100%] Built target action_tutorials__rosidl_typesupport_c__pyext
[36mInstall the project...[0m
-- Install configuration: ""
-- Up-to-date: /home/toro/tester_ws/install/action_tutorials/share/ament_index/resource_index/rosidl_interfaces/action_tutorials
-- Installing: /home/toro/tester_ws/install/action_tutorials/lib/libaction_tutorials__rosidl_typesupport_c.so
-- Set runtime path of "/home/toro/tester_ws/install/action_tutorials/lib/libaction_tutorials__rosidl_typesupport_c.so" to ""
-- Up-to-date: /home/toro/tester_ws/install/action_tutorials/share/action_tutorials/environment/library_path.sh
-- Installing: /home/toro/tester_ws/install/action_tutorials/share/action_tutorials/environment/library_path.dsv
-- Installing: /home/toro/tester_ws/install/action_tutorials/lib/libaction_tutorials__rosidl_typesupport_cpp.so
-- Set runtime path of "/home/toro/tester_ws/install/action_tutorials/lib/libaction_tutorials__rosidl_typesupport_cpp.so" to ""
-- Up-to-date: /home/toro/tester_ws/install/action_tutorials/include/action_tutorials
-- Up-to-date: /home/toro/tester_ws/install/action_tutorials/include/action_tutorials/action
-- Installing: /home/toro/tester_ws/install/action_tutorials/include/action_tutorials/action/fibonacci__rosidl_typesupport_fastrtps_c.h
-- Up-to-date: /home/toro/tester_ws/install/action_tutorials/include/action_tutorials/msg
-- Up-to-date: /home/toro/tester_ws/install/action_tutorials/include/action_tutorials/msg/rosidl_typesupport_fastrtps_c__visibility_control.h
-- Installing: /home/toro/tester_ws/install/action_tutorials/lib/libaction_tutorials__rosidl_typesupport_fastrtps_c.so
-- Set runtime path of "/home/toro/tester_ws/install/action_tutorials/lib/libaction_tutorials__rosidl_typesupport_fastrtps_c.so" to ""
-- Up-to-date: /home/toro/tester_ws/install/action_tutorials/include/action_tutorials
-- Up-to-date: /home/toro/tester_ws/install/action_tutorials/include/action_tutorials/action
-- Installing: /home/toro/tester_ws/install/action_tutorials/include/action_tutorials/action/fibonacci__functions.h
-- Installing: /home/toro/tester_ws/install/action_tutorials/include/action_tutorials/action/fibonacci__struct.h
-- Installing: /home/toro/tester_ws/install/action_tutorials/include/action_tutorials/action/fibonacci.h
-- Installing: /home/toro/tester_ws/install/action_tutorials/include/action_tutorials/action/fibonacci__type_support.h
-- Installing: /home/toro/tester_ws/install/action_tutorials/include/action_tutorials/action/fibonacci__functions.c
-- Up-to-date: /home/toro/tester_ws/install/action_tutorials/include/action_tutorials/msg
-- Up-to-date: /home/toro/tester_ws/install/action_tutorials/include/action_tutorials/msg/rosidl_generator_c__visibility_control.h
-- Installing: /home/toro/tester_ws/install/action_tutorials/lib/libaction_tutorials__rosidl_generator_c.so
-- Set runtime path of "/home/toro/tester_ws/install/action_tutorials/lib/libaction_tutorials__rosidl_generator_c.so" to ""
-- Up-to-date: /home/toro/tester_ws/install/action_tutorials/include/action_tutorials
-- Up-to-date: /home/toro/tester_ws/install/action_tutorials/include/action_tutorials/action
-- Up-to-date: /home/toro/tester_ws/install/action_tutorials/include/action_tutorials/action/dds_fastrtps
-- Installing: /home/toro/tester_ws/install/action_tutorials/include/action_tutorials/action/fibonacci__rosidl_typesupport_fastrtps_cpp.hpp
-- Up-to-date: /home/toro/tester_ws/install/action_tutorials/include/action_tutorials/msg
-- Up-to-date: /home/toro/tester_ws/install/action_tutorials/include/action_tutorials/msg/rosidl_typesupport_fastrtps_cpp__visibility_control.h
-- Installing: /home/toro/tester_ws/install/action_tutorials/lib/libaction_tutorials__rosidl_typesupport_fastrtps_cpp.so
-- Set runtime path of "/home/toro/tester_ws/install/action_tutorials/lib/libaction_tutorials__rosidl_typesupport_fastrtps_cpp.so" to ""
-- Up-to-date: /home/toro/tester_ws/install/action_tutorials/include/action_tutorials
-- Up-to-date: /home/toro/tester_ws/install/action_tutorials/include/action_tutorials/action
-- Installing: /home/toro/tester_ws/install/action_tutorials/include/action_tutorials/action/fibonacci__traits.hpp
-- Installing: /home/toro/tester_ws/install/action_tutorials/include/action_tutorials/action/fibonacci__struct.hpp
-- Installing: /home/toro/tester_ws/install/action_tutorials/include/action_tutorials/action/fibonacci.hpp
-- Up-to-date: /home/toro/tester_ws/install/action_tutorials/include/action_tutorials
-- Up-to-date: /home/toro/tester_ws/install/action_tutorials/include/action_tutorials/action
-- Installing: /home/toro/tester_ws/install/action_tutorials/include/action_tutorials/action/fibonacci__rosidl_typesupport_introspection_c.h
-- Installing: /home/toro/tester_ws/install/action_tutorials/include/action_tutorials/action/fibonacci__type_support.c
-- Up-to-date: /home/toro/tester_ws/install/action_tutorials/include/action_tutorials/msg
-- Up-to-date: /home/toro/tester_ws/install/action_tutorials/include/action_tutorials/msg/rosidl_typesupport_introspection_c__visibility_control.h
-- Installing: /home/toro/tester_ws/install/action_tutorials/lib/libaction_tutorials__rosidl_typesupport_introspection_c.so
-- Set runtime path of "/home/toro/tester_ws/install/action_tutorials/lib/libaction_tutorials__rosidl_typesupport_introspection_c.so" to ""
-- Up-to-date: /home/toro/tester_ws/install/action_tutorials/include/action_tutorials
-- Up-to-date: /home/toro/tester_ws/install/action_tutorials/include/action_tutorials/action
-- Installing: /home/toro/tester_ws/install/action_tutorials/include/action_tutorials/action/fibonacci__type_support.cpp
-- Installing: /home/toro/tester_ws/install/action_tutorials/include/action_tutorials/action/fibonacci__rosidl_typesupport_introspection_cpp.hpp
-- Installing: /home/toro/tester_ws/install/action_tutorials/lib/libaction_tutorials__rosidl_typesupport_introspection_cpp.so
-- Set runtime path of "/home/toro/tester_ws/install/action_tutorials/lib/libaction_tutorials__rosidl_typesupport_introspection_cpp.so" to ""
-- Up-to-date: /home/toro/tester_ws/install/action_tutorials/share/action_tutorials/environment/pythonpath.sh
-- Installing: /home/toro/tester_ws/install/action_tutorials/share/action_tutorials/environment/pythonpath.dsv
-- Installing: /home/toro/tester_ws/install/action_tutorials/lib/python3.6/site-packages/action_tutorials/__init__.py
Compiling '/home/toro/tester_ws/install/action_tutorials/lib/python3.6/site-packages/action_tutorials/__init__.py'...
-- Up-to-date: /home/toro/tester_ws/install/action_tutorials/lib/python3.6/site-packages/action_tutorials/action
-- Installing: /home/toro/tester_ws/install/action_tutorials/lib/python3.6/site-packages/action_tutorials/action/_fibonacci.py
-- Installing: /home/toro/tester_ws/install/action_tutorials/lib/python3.6/site-packages/action_tutorials/action/__init__.py
-- Installing: /home/toro/tester_ws/install/action_tutorials/lib/python3.6/site-packages/action_tutorials/action/_fibonacci_s.c
-- Installing: /home/toro/tester_ws/install/action_tutorials/lib/python3.6/site-packages/action_tutorials/action_tutorials_s__rosidl_typesupport_c.cpython-36m-x86_64-linux-gnu.so
-- Set runtime path of "/home/toro/tester_ws/install/action_tutorials/lib/python3.6/site-packages/action_tutorials/action_tutorials_s__rosidl_typesupport_c.cpython-36m-x86_64-linux-gnu.so" to ""
-- Installing: /home/toro/tester_ws/install/action_tutorials/lib/python3.6/site-packages/action_tutorials/action_tutorials_s__rosidl_typesupport_fastrtps_c.cpython-36m-x86_64-linux-gnu.so
-- Set runtime path of "/home/toro/tester_ws/install/action_tutorials/lib/python3.6/site-packages/action_tutorials/action_tutorials_s__rosidl_typesupport_fastrtps_c.cpython-36m-x86_64-linux-gnu.so" to ""
-- Installing: /home/toro/tester_ws/install/action_tutorials/lib/libaction_tutorials__python.so
-- Set runtime path of "/home/toro/tester_ws/install/action_tutorials/lib/libaction_tutorials__python.so" to ""
-- Installing: /home/toro/tester_ws/install/action_tutorials/share/action_tutorials/action/Fibonacci.idl
-- Installing: /home/toro/tester_ws/install/action_tutorials/share/action_tutorials/action/Fibonacci.action
-- Up-to-date: /home/toro/tester_ws/install/action_tutorials/share/ament_index/resource_index/package_run_dependencies/action_tutorials
-- Installing: /home/toro/tester_ws/install/action_tutorials/share/ament_index/resource_index/parent_prefix_path/action_tutorials
-- Up-to-date: /home/toro/tester_ws/install/action_tutorials/share/action_tutorials/environment/ament_prefix_path.sh
-- Installing: /home/toro/tester_ws/install/action_tutorials/share/action_tutorials/environment/ament_prefix_path.dsv
-- Up-to-date: /home/toro/tester_ws/install/action_tutorials/share/action_tutorials/environment/path.sh
-- Installing: /home/toro/tester_ws/install/action_tutorials/share/action_tutorials/environment/path.dsv
-- Up-to-date: /home/toro/tester_ws/install/action_tutorials/share/action_tutorials/local_setup.bash
-- Up-to-date: /home/toro/tester_ws/install/action_tutorials/share/action_tutorials/local_setup.sh
-- Up-to-date: /home/toro/tester_ws/install/action_tutorials/share/action_tutorials/local_setup.zsh
-- Installing: /home/toro/tester_ws/install/action_tutorials/share/action_tutorials/local_setup.dsv
-- Installing: /home/toro/tester_ws/install/action_tutorials/share/action_tutorials/package.dsv
-- Up-to-date: /home/toro/tester_ws/install/action_tutorials/share/ament_index/resource_index/packages/action_tutorials
-- Up-to-date: /home/toro/tester_ws/install/action_tutorials/share/action_tutorials/cmake/rosidl_cmake-extras.cmake
-- Up-to-date: /home/toro/tester_ws/install/action_tutorials/share/action_tutorials/cmake/ament_cmake_export_dependencies-extras.cmake
-- Up-to-date: /home/toro/tester_ws/install/action_tutorials/share/action_tutorials/cmake/ament_cmake_export_libraries-extras.cmake
-- Up-to-date: /home/toro/tester_ws/install/action_tutorials/share/action_tutorials/cmake/ament_cmake_export_include_directories-extras.cmake
-- Up-to-date: /home/toro/tester_ws/install/action_tutorials/share/action_tutorials/cmake/action_tutorialsConfig.cmake
-- Up-to-date: /home/toro/tester_ws/install/action_tutorials/share/action_tutorials/cmake/action_tutorialsConfig-version.cmake
-- Up-to-date: /home/toro/tester_ws/install/action_tutorials/share/action_tutorials/package.xml
