[0.238s] DEBUG:colcon:Command line arguments: ['/usr/bin/colcon', 'build']
[0.238s] DEBUG:colcon:Parsed command line arguments: Namespace(ament_cmake_args=None, base_paths=['.'], build_base='build', catkin_cmake_args=None, catkin_skip_building_tests=False, cmake_args=None, cmake_clean_cache=False, cmake_clean_first=False, cmake_force_configure=False, cmake_target=None, cmake_target_skip_unavailable=False, continue_on_error=False, event_handlers=None, executor='parallel', ignore_user_meta=False, install_base='install', log_base=None, log_level=None, main=<bound method BuildVerb.main of <colcon_core.verb.build.BuildVerb object at 0x7fb5b2a92710>>, merge_install=False, metas=['./colcon.meta'], packages_above=None, packages_above_and_dependencies=None, packages_above_depth=None, packages_end=None, packages_ignore=None, packages_ignore_regex=None, packages_select=None, packages_select_build_failed=False, packages_select_by_dep=None, packages_select_regex=None, packages_select_test_failures=False, packages_skip=None, packages_skip_build_finished=False, packages_skip_by_dep=None, packages_skip_regex=None, packages_skip_test_passed=False, packages_skip_up_to=None, packages_start=None, packages_up_to=None, packages_up_to_regex=None, parallel_workers=8, paths=None, symlink_install=False, test_result_base=None, verb_extension=<colcon_core.verb.build.BuildVerb object at 0x7fb5b2a92710>, verb_name='build', verb_parser=<colcon_defaults.argument_parser.defaults.DefaultArgumentsDecorator object at 0x7fb5b2a92a90>)
[0.244s] Level 1:colcon.colcon_core.package_discovery:discover_packages(colcon_meta) check parameters
[0.244s] Level 1:colcon.colcon_core.package_discovery:discover_packages(recursive) check parameters
[0.244s] Level 1:colcon.colcon_core.package_discovery:discover_packages(ignore) check parameters
[0.244s] Level 1:colcon.colcon_core.package_discovery:discover_packages(path) check parameters
[0.244s] Level 1:colcon.colcon_core.package_discovery:discover_packages(colcon_meta) discover
[0.245s] Level 1:colcon.colcon_core.package_discovery:discover_packages(recursive) discover
[0.245s] INFO:colcon.colcon_core.package_discovery:Crawling recursively for packages in '/home/toro/tester_ws'
[0.245s] Level 1:colcon.colcon_core.package_identification:_identify(.) by extensions ['ignore', 'ignore_ament_install']
[0.245s] Level 1:colcon.colcon_core.package_identification:_identify(.) by extension 'ignore'
[0.245s] Level 1:colcon.colcon_core.package_identification:_identify(.) by extension 'ignore_ament_install'
[0.245s] Level 1:colcon.colcon_core.package_identification:_identify(.) by extensions ['colcon_pkg']
[0.245s] Level 1:colcon.colcon_core.package_identification:_identify(.) by extension 'colcon_pkg'
[0.245s] Level 1:colcon.colcon_core.package_identification:_identify(.) by extensions ['colcon_meta']
[0.245s] Level 1:colcon.colcon_core.package_identification:_identify(.) by extension 'colcon_meta'
[0.245s] Level 1:colcon.colcon_core.package_identification:_identify(.) by extensions ['ros']
[0.245s] Level 1:colcon.colcon_core.package_identification:_identify(.) by extension 'ros'
[0.258s] Level 1:colcon.colcon_core.package_identification:_identify(.) by extensions ['cmake', 'python']
[0.258s] Level 1:colcon.colcon_core.package_identification:_identify(.) by extension 'cmake'
[0.258s] Level 1:colcon.colcon_core.package_identification:_identify(.) by extension 'python'
[0.258s] Level 1:colcon.colcon_core.package_identification:_identify(.) by extensions ['python_setup_py']
[0.258s] Level 1:colcon.colcon_core.package_identification:_identify(.) by extension 'python_setup_py'
[0.259s] Level 1:colcon.colcon_core.package_identification:_identify(build) by extensions ['ignore', 'ignore_ament_install']
[0.259s] Level 1:colcon.colcon_core.package_identification:_identify(build) by extension 'ignore'
[0.259s] Level 1:colcon.colcon_core.package_identification:_identify(build) ignored
[0.259s] Level 1:colcon.colcon_core.package_identification:_identify(install) by extensions ['ignore', 'ignore_ament_install']
[0.259s] Level 1:colcon.colcon_core.package_identification:_identify(install) by extension 'ignore'
[0.259s] Level 1:colcon.colcon_core.package_identification:_identify(install) ignored
[0.260s] Level 1:colcon.colcon_core.package_identification:_identify(log) by extensions ['ignore', 'ignore_ament_install']
[0.260s] Level 1:colcon.colcon_core.package_identification:_identify(log) by extension 'ignore'
[0.260s] Level 1:colcon.colcon_core.package_identification:_identify(log) ignored
[0.260s] Level 1:colcon.colcon_core.package_identification:_identify(src) by extensions ['ignore', 'ignore_ament_install']
[0.260s] Level 1:colcon.colcon_core.package_identification:_identify(src) by extension 'ignore'
[0.260s] Level 1:colcon.colcon_core.package_identification:_identify(src) by extension 'ignore_ament_install'
[0.260s] Level 1:colcon.colcon_core.package_identification:_identify(src) by extensions ['colcon_pkg']
[0.260s] Level 1:colcon.colcon_core.package_identification:_identify(src) by extension 'colcon_pkg'
[0.260s] Level 1:colcon.colcon_core.package_identification:_identify(src) by extensions ['colcon_meta']
[0.260s] Level 1:colcon.colcon_core.package_identification:_identify(src) by extension 'colcon_meta'
[0.260s] Level 1:colcon.colcon_core.package_identification:_identify(src) by extensions ['ros']
[0.260s] Level 1:colcon.colcon_core.package_identification:_identify(src) by extension 'ros'
[0.260s] Level 1:colcon.colcon_core.package_identification:_identify(src) by extensions ['cmake', 'python']
[0.261s] Level 1:colcon.colcon_core.package_identification:_identify(src) by extension 'cmake'
[0.261s] Level 1:colcon.colcon_core.package_identification:_identify(src) by extension 'python'
[0.261s] Level 1:colcon.colcon_core.package_identification:_identify(src) by extensions ['python_setup_py']
[0.261s] Level 1:colcon.colcon_core.package_identification:_identify(src) by extension 'python_setup_py'
[0.261s] Level 1:colcon.colcon_core.package_identification:_identify(src/action_tutorials) by extensions ['ignore', 'ignore_ament_install']
[0.261s] Level 1:colcon.colcon_core.package_identification:_identify(src/action_tutorials) by extension 'ignore'
[0.261s] Level 1:colcon.colcon_core.package_identification:_identify(src/action_tutorials) by extension 'ignore_ament_install'
[0.261s] Level 1:colcon.colcon_core.package_identification:_identify(src/action_tutorials) by extensions ['colcon_pkg']
[0.261s] Level 1:colcon.colcon_core.package_identification:_identify(src/action_tutorials) by extension 'colcon_pkg'
[0.261s] Level 1:colcon.colcon_core.package_identification:_identify(src/action_tutorials) by extensions ['colcon_meta']
[0.261s] Level 1:colcon.colcon_core.package_identification:_identify(src/action_tutorials) by extension 'colcon_meta'
[0.261s] Level 1:colcon.colcon_core.package_identification:_identify(src/action_tutorials) by extensions ['ros']
[0.261s] Level 1:colcon.colcon_core.package_identification:_identify(src/action_tutorials) by extension 'ros'
[0.264s] DEBUG:colcon.colcon_core.package_identification:Package 'src/action_tutorials' with type 'ros.ament_cmake' and name 'action_tutorials'
[0.264s] Level 1:colcon.colcon_core.package_discovery:discover_packages(recursive) using defaults
[0.264s] Level 1:colcon.colcon_core.package_discovery:discover_packages(ignore) discover
[0.264s] Level 1:colcon.colcon_core.package_discovery:discover_packages(ignore) using defaults
[0.264s] Level 1:colcon.colcon_core.package_discovery:discover_packages(path) discover
[0.264s] Level 1:colcon.colcon_core.package_discovery:discover_packages(path) using defaults
[0.287s] Level 5:colcon.colcon_core.verb:set package 'action_tutorials' build argument 'cmake_args' from command line to 'None'
[0.287s] Level 5:colcon.colcon_core.verb:set package 'action_tutorials' build argument 'cmake_target' from command line to 'None'
[0.287s] Level 5:colcon.colcon_core.verb:set package 'action_tutorials' build argument 'cmake_target_skip_unavailable' from command line to 'False'
[0.287s] Level 5:colcon.colcon_core.verb:set package 'action_tutorials' build argument 'cmake_clean_cache' from command line to 'False'
[0.287s] Level 5:colcon.colcon_core.verb:set package 'action_tutorials' build argument 'cmake_clean_first' from command line to 'False'
[0.287s] Level 5:colcon.colcon_core.verb:set package 'action_tutorials' build argument 'cmake_force_configure' from command line to 'False'
[0.287s] Level 5:colcon.colcon_core.verb:set package 'action_tutorials' build argument 'ament_cmake_args' from command line to 'None'
[0.287s] Level 5:colcon.colcon_core.verb:set package 'action_tutorials' build argument 'catkin_cmake_args' from command line to 'None'
[0.287s] Level 5:colcon.colcon_core.verb:set package 'action_tutorials' build argument 'catkin_skip_building_tests' from command line to 'False'
[0.287s] DEBUG:colcon.colcon_core.verb:Building package 'action_tutorials' with the following arguments: {'ament_cmake_args': None, 'build_base': '/home/toro/tester_ws/build/action_tutorials', 'catkin_cmake_args': None, 'catkin_skip_building_tests': False, 'cmake_args': None, 'cmake_clean_cache': False, 'cmake_clean_first': False, 'cmake_force_configure': False, 'cmake_target': None, 'cmake_target_skip_unavailable': False, 'install_base': '/home/toro/tester_ws/install/action_tutorials', 'merge_install': False, 'path': '/home/toro/tester_ws/src/action_tutorials', 'symlink_install': False, 'test_result_base': None}
[0.287s] INFO:colcon.colcon_core.executor:Executing jobs using 'parallel' executor
[0.290s] DEBUG:colcon.colcon_parallel_executor.executor.parallel:run_until_complete
[0.290s] INFO:colcon.colcon_ros.task.ament_cmake.build:Building ROS package in '/home/toro/tester_ws/src/action_tutorials' with build type 'ament_cmake'
[0.291s] INFO:colcon.colcon_cmake.task.cmake.build:Building CMake package in '/home/toro/tester_ws/src/action_tutorials'
[0.294s] INFO:colcon.colcon_core.plugin_system:Skipping extension 'colcon_core.shell.bat': Not used on non-Windows systems
[0.294s] INFO:colcon.colcon_core.shell:Skip shell extension 'powershell' for command environment: Not usable outside of PowerShell
[0.295s] DEBUG:colcon.colcon_core.shell:Skip shell extension 'dsv' for command environment
[0.297s] DEBUG:colcon.colcon_core.shell:Ignoring prefix path '/opt/ros/eloquent'
[0.305s] DEBUG:colcon.colcon_core.event_handler.log_command:Invoking command in '/home/toro/tester_ws/build/action_tutorials': CMAKE_PREFIX_PATH=/opt/ros/eloquent /usr/bin/cmake /home/toro/tester_ws/src/action_tutorials -DCMAKE_INSTALL_PREFIX=/home/toro/tester_ws/install/action_tutorials
[1.873s] DEBUG:colcon.colcon_core.event_handler.log_command:Invoked command in '/home/toro/tester_ws/build/action_tutorials' returned '0': CMAKE_PREFIX_PATH=/opt/ros/eloquent /usr/bin/cmake /home/toro/tester_ws/src/action_tutorials -DCMAKE_INSTALL_PREFIX=/home/toro/tester_ws/install/action_tutorials
[1.876s] DEBUG:colcon.colcon_core.event_handler.log_command:Invoking command in '/home/toro/tester_ws/build/action_tutorials': CMAKE_PREFIX_PATH=/opt/ros/eloquent /usr/bin/cmake --build /home/toro/tester_ws/build/action_tutorials -- -j8 -l8
[7.661s] DEBUG:colcon.colcon_core.event_handler.log_command:Invoked command in '/home/toro/tester_ws/build/action_tutorials' returned '0': CMAKE_PREFIX_PATH=/opt/ros/eloquent /usr/bin/cmake --build /home/toro/tester_ws/build/action_tutorials -- -j8 -l8
[7.731s] DEBUG:colcon.colcon_core.event_handler.log_command:Invoking command in '/home/toro/tester_ws/build/action_tutorials': CMAKE_PREFIX_PATH=/opt/ros/eloquent /usr/bin/cmake --build /home/toro/tester_ws/build/action_tutorials --target install -- -j8 -l8
[8.117s] Level 1:colcon.colcon_core.environment:create_environment_scripts_only(action_tutorials)
[8.119s] DEBUG:colcon.colcon_core.event_handler.log_command:Invoked command in '/home/toro/tester_ws/build/action_tutorials' returned '0': CMAKE_PREFIX_PATH=/opt/ros/eloquent /usr/bin/cmake --build /home/toro/tester_ws/build/action_tutorials --target install -- -j8 -l8
[8.254s] Level 1:colcon.colcon_core.environment:checking '/home/toro/tester_ws/install/action_tutorials' for CMake module files
[8.254s] Level 1:colcon.colcon_core.environment:checking '/home/toro/tester_ws/install/action_tutorials' for CMake config files
[8.255s] Level 1:colcon.colcon_core.shell:create_environment_hook('action_tutorials', 'cmake_prefix_path')
[8.255s] INFO:colcon.colcon_core.shell:Creating environment hook '/home/toro/tester_ws/install/action_tutorials/share/action_tutorials/hook/cmake_prefix_path.ps1'
[8.271s] INFO:colcon.colcon_core.shell:Creating environment descriptor '/home/toro/tester_ws/install/action_tutorials/share/action_tutorials/hook/cmake_prefix_path.dsv'
[8.288s] INFO:colcon.colcon_core.shell:Creating environment hook '/home/toro/tester_ws/install/action_tutorials/share/action_tutorials/hook/cmake_prefix_path.sh'
[8.290s] Level 1:colcon.colcon_core.environment:checking '/home/toro/tester_ws/install/action_tutorials/lib'
[8.290s] Level 1:colcon.colcon_core.shell:create_environment_hook('action_tutorials', 'ld_library_path_lib')
[8.291s] INFO:colcon.colcon_core.shell:Creating environment hook '/home/toro/tester_ws/install/action_tutorials/share/action_tutorials/hook/ld_library_path_lib.ps1'
[8.292s] INFO:colcon.colcon_core.shell:Creating environment descriptor '/home/toro/tester_ws/install/action_tutorials/share/action_tutorials/hook/ld_library_path_lib.dsv'
[8.292s] INFO:colcon.colcon_core.shell:Creating environment hook '/home/toro/tester_ws/install/action_tutorials/share/action_tutorials/hook/ld_library_path_lib.sh'
[8.293s] Level 1:colcon.colcon_core.environment:checking '/home/toro/tester_ws/install/action_tutorials/bin'
[8.293s] Level 1:colcon.colcon_core.environment:checking '/home/toro/tester_ws/install/action_tutorials/lib/pkgconfig/action_tutorials.pc'
[8.293s] Level 1:colcon.colcon_core.environment:checking '/home/toro/tester_ws/install/action_tutorials/lib/python3.6/site-packages'
[8.293s] Level 1:colcon.colcon_core.shell:create_environment_hook('action_tutorials', 'pythonpath')
[8.294s] INFO:colcon.colcon_core.shell:Creating environment hook '/home/toro/tester_ws/install/action_tutorials/share/action_tutorials/hook/pythonpath.ps1'
[8.294s] INFO:colcon.colcon_core.shell:Creating environment descriptor '/home/toro/tester_ws/install/action_tutorials/share/action_tutorials/hook/pythonpath.dsv'
[8.295s] INFO:colcon.colcon_core.shell:Creating environment hook '/home/toro/tester_ws/install/action_tutorials/share/action_tutorials/hook/pythonpath.sh'
[8.296s] INFO:colcon.colcon_core.shell:Creating package script '/home/toro/tester_ws/install/action_tutorials/share/action_tutorials/package.ps1'
[8.298s] INFO:colcon.colcon_core.shell:Creating package descriptor '/home/toro/tester_ws/install/action_tutorials/share/action_tutorials/package.dsv'
[8.299s] INFO:colcon.colcon_core.shell:Creating package script '/home/toro/tester_ws/install/action_tutorials/share/action_tutorials/package.sh'
[8.300s] INFO:colcon.colcon_core.shell:Creating package script '/home/toro/tester_ws/install/action_tutorials/share/action_tutorials/package.bash'
[8.309s] INFO:colcon.colcon_core.shell:Creating package script '/home/toro/tester_ws/install/action_tutorials/share/action_tutorials/package.zsh'
[8.326s] Level 1:colcon.colcon_core.environment:create_file_with_runtime_dependencies(/home/toro/tester_ws/install/action_tutorials/share/colcon-core/packages/action_tutorials)
[8.393s] Level 1:colcon.colcon_core.environment:create_environment_scripts_only(action_tutorials)
[8.394s] Level 1:colcon.colcon_core.environment:checking '/home/toro/tester_ws/install/action_tutorials' for CMake module files
[8.395s] Level 1:colcon.colcon_core.environment:checking '/home/toro/tester_ws/install/action_tutorials' for CMake config files
[8.395s] Level 1:colcon.colcon_core.shell:create_environment_hook('action_tutorials', 'cmake_prefix_path')
[8.396s] INFO:colcon.colcon_core.shell:Creating environment hook '/home/toro/tester_ws/install/action_tutorials/share/action_tutorials/hook/cmake_prefix_path.ps1'
[8.397s] INFO:colcon.colcon_core.shell:Creating environment descriptor '/home/toro/tester_ws/install/action_tutorials/share/action_tutorials/hook/cmake_prefix_path.dsv'
[8.397s] INFO:colcon.colcon_core.shell:Creating environment hook '/home/toro/tester_ws/install/action_tutorials/share/action_tutorials/hook/cmake_prefix_path.sh'
[8.398s] Level 1:colcon.colcon_core.environment:checking '/home/toro/tester_ws/install/action_tutorials/lib'
[8.398s] Level 1:colcon.colcon_core.shell:create_environment_hook('action_tutorials', 'ld_library_path_lib')
[8.399s] INFO:colcon.colcon_core.shell:Creating environment hook '/home/toro/tester_ws/install/action_tutorials/share/action_tutorials/hook/ld_library_path_lib.ps1'
[8.400s] INFO:colcon.colcon_core.shell:Creating environment descriptor '/home/toro/tester_ws/install/action_tutorials/share/action_tutorials/hook/ld_library_path_lib.dsv'
[8.400s] INFO:colcon.colcon_core.shell:Creating environment hook '/home/toro/tester_ws/install/action_tutorials/share/action_tutorials/hook/ld_library_path_lib.sh'
[8.401s] Level 1:colcon.colcon_core.environment:checking '/home/toro/tester_ws/install/action_tutorials/bin'
[8.401s] Level 1:colcon.colcon_core.environment:checking '/home/toro/tester_ws/install/action_tutorials/lib/pkgconfig/action_tutorials.pc'
[8.401s] Level 1:colcon.colcon_core.environment:checking '/home/toro/tester_ws/install/action_tutorials/lib/python3.6/site-packages'
[8.401s] Level 1:colcon.colcon_core.shell:create_environment_hook('action_tutorials', 'pythonpath')
[8.402s] INFO:colcon.colcon_core.shell:Creating environment hook '/home/toro/tester_ws/install/action_tutorials/share/action_tutorials/hook/pythonpath.ps1'
[8.402s] INFO:colcon.colcon_core.shell:Creating environment descriptor '/home/toro/tester_ws/install/action_tutorials/share/action_tutorials/hook/pythonpath.dsv'
[8.403s] INFO:colcon.colcon_core.shell:Creating environment hook '/home/toro/tester_ws/install/action_tutorials/share/action_tutorials/hook/pythonpath.sh'
[8.404s] INFO:colcon.colcon_core.shell:Creating package script '/home/toro/tester_ws/install/action_tutorials/share/action_tutorials/package.ps1'
[8.405s] INFO:colcon.colcon_core.shell:Creating package descriptor '/home/toro/tester_ws/install/action_tutorials/share/action_tutorials/package.dsv'
[8.406s] INFO:colcon.colcon_core.shell:Creating package script '/home/toro/tester_ws/install/action_tutorials/share/action_tutorials/package.sh'
[8.407s] INFO:colcon.colcon_core.shell:Creating package script '/home/toro/tester_ws/install/action_tutorials/share/action_tutorials/package.bash'
[8.407s] INFO:colcon.colcon_core.shell:Creating package script '/home/toro/tester_ws/install/action_tutorials/share/action_tutorials/package.zsh'
[8.408s] Level 1:colcon.colcon_core.environment:create_file_with_runtime_dependencies(/home/toro/tester_ws/install/action_tutorials/share/colcon-core/packages/action_tutorials)
[8.408s] DEBUG:colcon.colcon_parallel_executor.executor.parallel:closing loop
[8.410s] DEBUG:colcon.colcon_parallel_executor.executor.parallel:loop closed
[8.410s] DEBUG:colcon.colcon_parallel_executor.executor.parallel:run_until_complete finished with '0'
[8.410s] DEBUG:colcon.colcon_core.event_reactor:joining thread
[8.433s] INFO:colcon.colcon_core.plugin_system:Skipping extension 'colcon_notification.desktop_notification.terminal_notifier': Not used on non-Darwin systems
[8.433s] INFO:colcon.colcon_core.plugin_system:Skipping extension 'colcon_notification.desktop_notification.win32': Not used on non-Windows systems
[8.433s] INFO:colcon.colcon_notification.desktop_notification:Sending desktop notification using 'notify2'
[8.436s] DEBUG:colcon.colcon_core.event_reactor:joined thread
[8.437s] INFO:colcon.colcon_core.shell:Creating prefix script '/home/toro/tester_ws/install/local_setup.ps1'
[8.438s] INFO:colcon.colcon_core.shell:Creating prefix util module '/home/toro/tester_ws/install/_local_setup_util_ps1.py'
[8.441s] INFO:colcon.colcon_core.shell:Creating prefix chain script '/home/toro/tester_ws/install/setup.ps1'
[8.444s] INFO:colcon.colcon_core.shell:Creating prefix script '/home/toro/tester_ws/install/local_setup.sh'
[8.445s] INFO:colcon.colcon_core.shell:Creating prefix util module '/home/toro/tester_ws/install/_local_setup_util_sh.py'
[8.446s] INFO:colcon.colcon_core.shell:Creating prefix chain script '/home/toro/tester_ws/install/setup.sh'
[8.449s] INFO:colcon.colcon_core.shell:Creating prefix script '/home/toro/tester_ws/install/local_setup.bash'
[8.466s] INFO:colcon.colcon_core.shell:Creating prefix chain script '/home/toro/tester_ws/install/setup.bash'
[8.470s] INFO:colcon.colcon_core.shell:Creating prefix script '/home/toro/tester_ws/install/local_setup.zsh'
[8.471s] INFO:colcon.colcon_core.shell:Creating prefix chain script '/home/toro/tester_ws/install/setup.zsh'
